Using pre-set license
Built from '2020.3/staging' branch; Version is '2020.3.11f1 (99c7afb366b3) revision 10078127'; Using compiler version '192528614'; Build Type 'Release'
OS: 'Windows 10 Pro; OS build 19042.1052; Version 2009; 64bit' Language: 'en' Physical Memory: 8059 MB
BatchMode: 1, IsHumanControllingUs: 0, StartBugReporterOnCrash: 0, Is64bit: 1, IsPro: 0

 COMMAND LINE ARGUMENTS:
C:\Program Files\Unity\Hub\Editor\2020.3.11f1\Editor\Unity.exe
-adb2
-batchMode
-noUpm
-name
AssetImportWorker0
-projectPath
C:/Users/pbriu/Documents/UnityProjects/NetworkProject
-logFile
Logs/AssetImportWorker0.log
-srvPort
60732
Successfully changed project path to: C:/Users/pbriu/Documents/UnityProjects/NetworkProject
C:/Users/pbriu/Documents/UnityProjects/NetworkProject
Using Asset Import Pipeline V2.
Refreshing native plugins compatible for Editor in 24.36 ms, found 2 plugins.
Preloading 0 native plugins for Editor in 0.00 ms.
Initialize engine version: 2020.3.11f1 (99c7afb366b3)
[Subsystems] Discovering subsystems at path C:/Program Files/Unity/Hub/Editor/2020.3.11f1/Editor/Data/Resources/UnitySubsystems
[Subsystems] Discovering subsystems at path C:/Users/pbriu/Documents/UnityProjects/NetworkProject/Assets
GfxDevice: creating device client; threaded=0
Direct3D:
    Version:  Direct3D 11.0 [level 11.1]
    Renderer: NVIDIA GeForce RTX 2060 (ID=0x1f15)
    Vendor:   
    VRAM:     5980 MB
    Driver:   27.21.14.5256
Initialize mono
Mono path[0] = 'C:/Program Files/Unity/Hub/Editor/2020.3.11f1/Editor/Data/Managed'
Mono path[1] = 'C:/Program Files/Unity/Hub/Editor/2020.3.11f1/Editor/Data/MonoBleedingEdge/lib/mono/unityjit'
Mono config path = 'C:/Program Files/Unity/Hub/Editor/2020.3.11f1/Editor/Data/MonoBleedingEdge/etc'
Using monoOptions --debugger-agent=transport=dt_socket,embedding=1,server=y,suspend=n,address=127.0.0.1:56716
Begin MonoManager ReloadAssembly
Registering precompiled unity dll's ...
Register platform support module: C:/Program Files/Unity/Hub/Editor/2020.3.11f1/Editor/Data/PlaybackEngines/WebGLSupport/UnityEditor.WebGL.Extensions.dll
Register platform support module: C:/Program Files/Unity/Hub/Editor/2020.3.11f1/Editor/Data/PlaybackEngines/WindowsStandaloneSupport/UnityEditor.WindowsStandalone.Extensions.dll
Registered in 0.002269 seconds.
Native extension for WindowsStandalone target not found
Native extension for WebGL target not found
Refreshing native plugins compatible for Editor in 25.44 ms, found 2 plugins.
Preloading 0 native plugins for Editor in 0.00 ms.
Mono: successfully reloaded assembly
- Completed reload, in  0.981 seconds
Platform modules already initialized, skipping
Registering precompiled user dll's ...
Registered in 0.004338 seconds.
Begin MonoManager ReloadAssembly
Native extension for WindowsStandalone target not found
Native extension for WebGL target not found
Refreshing native plugins compatible for Editor in 0.28 ms, found 2 plugins.
Preloading 0 native plugins for Editor in 0.00 ms.
Mono: successfully reloaded assembly
- Completed reload, in  0.841 seconds
Platform modules already initialized, skipping
========================================================================
Worker process is ready to serve import requests
Launched and connected shader compiler UnityShaderCompiler.exe after 0.03 seconds
Refreshing native plugins compatible for Editor in 0.31 ms, found 2 plugins.
Preloading 0 native plugins for Editor in 0.00 ms.
Unloading 1507 Unused Serialized files (Serialized files now loaded: 0)
System memory in use before: 68.6 MB.
System memory in use after: 68.7 MB.

Unloading 23 unused Assets to reduce memory usage. Loaded Objects now: 1937.
Total: 1.780800 ms (FindLiveObjects: 0.162400 ms CreateObjectMapping: 0.052800 ms MarkObjects: 1.497000 ms  DeleteObjects: 0.067500 ms)

========================================================================
Received Import Request.
  path: Assets/Scripts/BallController.cs
  artifactKey: Guid(c24e607a0aaa4854bacfbd4f3f7ecf82) Importer(815301076,1909f56bfc062723c751e8b465ee728b)
Start importing Assets/Scripts/BallController.cs using Guid(c24e607a0aaa4854bacfbd4f3f7ecf82) Importer(815301076,1909f56bfc062723c751e8b465ee728b)  -> (artifact id: 'ef60c856e512be7ebba20a789bc74ac4') in 0.024908 seconds
  Import took 0.027347 seconds .

========================================================================
Received Import Request.
  Time since last request: 2.280739 seconds.
  path: Assets/Scripts/BallController.cs
  artifactKey: Guid(c24e607a0aaa4854bacfbd4f3f7ecf82) Importer(815301076,1909f56bfc062723c751e8b465ee728b)
Start importing Assets/Scripts/BallController.cs using Guid(c24e607a0aaa4854bacfbd4f3f7ecf82) Importer(815301076,1909f56bfc062723c751e8b465ee728b)  -> (artifact id: '07b1cdedf9494afd16fa3881244d8b6b') in 0.001784 seconds
  Import took 0.003958 seconds .

========================================================================
Received Prepare
Registering precompiled user dll's ...
Registered in 0.003751 seconds.
Begin MonoManager ReloadAssembly
Native extension for WindowsStandalone target not found
Native extension for WebGL target not found
Refreshing native plugins compatible for Editor in 0.28 ms, found 2 plugins.
Preloading 0 native plugins for Editor in 0.00 ms.
Mono: successfully reloaded assembly
- Completed reload, in  0.817 seconds
Platform modules already initialized, skipping
Refreshing native plugins compatible for Editor in 0.29 ms, found 2 plugins.
Preloading 0 native plugins for Editor in 0.00 ms.
Unloading 1502 Unused Serialized files (Serialized files now loaded: 0)
System memory in use before: 68.6 MB.
System memory in use after: 68.7 MB.

Unloading 18 unused Assets to reduce memory usage. Loaded Objects now: 1940.
Total: 1.487700 ms (FindLiveObjects: 0.131400 ms CreateObjectMapping: 0.042400 ms MarkObjects: 1.276000 ms  DeleteObjects: 0.037200 ms)

========================================================================
Received Prepare
Registering precompiled user dll's ...
Registered in 0.005394 seconds.
Begin MonoManager ReloadAssembly
Native extension for WindowsStandalone target not found
Native extension for WebGL target not found
Refreshing native plugins compatible for Editor in 0.29 ms, found 2 plugins.
Preloading 0 native plugins for Editor in 0.00 ms.
Mono: successfully reloaded assembly
- Completed reload, in  0.802 seconds
Platform modules already initialized, skipping
Refreshing native plugins compatible for Editor in 0.30 ms, found 2 plugins.
Preloading 0 native plugins for Editor in 0.00 ms.
Unloading 1502 Unused Serialized files (Serialized files now loaded: 0)
System memory in use before: 68.7 MB.
System memory in use after: 68.7 MB.

Unloading 18 unused Assets to reduce memory usage. Loaded Objects now: 1943.
Total: 1.544000 ms (FindLiveObjects: 0.134800 ms CreateObjectMapping: 0.044600 ms MarkObjects: 1.284600 ms  DeleteObjects: 0.079100 ms)

========================================================================
Received Import Request.
  Time since last request: 85.944410 seconds.
  path: Assets/Scripts/BallController.cs
  artifactKey: Guid(c24e607a0aaa4854bacfbd4f3f7ecf82) Importer(815301076,1909f56bfc062723c751e8b465ee728b)
Start importing Assets/Scripts/BallController.cs using Guid(c24e607a0aaa4854bacfbd4f3f7ecf82) Importer(815301076,1909f56bfc062723c751e8b465ee728b)  -> (artifact id: 'ff00cbe52046aac3f0a917e917b78685') in 0.005548 seconds
  Import took 0.007484 seconds .

========================================================================
Received Import Request.
  Time since last request: 0.993038 seconds.
  path: Assets/Scripts/BallController.cs
  artifactKey: Guid(c24e607a0aaa4854bacfbd4f3f7ecf82) Importer(815301076,1909f56bfc062723c751e8b465ee728b)
Start importing Assets/Scripts/BallController.cs using Guid(c24e607a0aaa4854bacfbd4f3f7ecf82) Importer(815301076,1909f56bfc062723c751e8b465ee728b)  -> (artifact id: 'ff00cbe52046aac3f0a917e917b78685') in 0.002138 seconds
  Import took 0.004095 seconds .

========================================================================
Received Prepare
Registering precompiled user dll's ...
Registered in 0.003730 seconds.
Begin MonoManager ReloadAssembly
Native extension for WindowsStandalone target not found
Native extension for WebGL target not found
Refreshing native plugins compatible for Editor in 0.30 ms, found 2 plugins.
Preloading 0 native plugins for Editor in 0.00 ms.
Mono: successfully reloaded assembly
- Completed reload, in  0.745 seconds
Platform modules already initialized, skipping
Refreshing native plugins compatible for Editor in 0.31 ms, found 2 plugins.
Preloading 0 native plugins for Editor in 0.00 ms.
Unloading 1502 Unused Serialized files (Serialized files now loaded: 0)
System memory in use before: 68.6 MB.
System memory in use after: 68.7 MB.

Unloading 18 unused Assets to reduce memory usage. Loaded Objects now: 1946.
Total: 1.615400 ms (FindLiveObjects: 0.152400 ms CreateObjectMapping: 0.047400 ms MarkObjects: 1.370000 ms  DeleteObjects: 0.044800 ms)

========================================================================
Received Prepare
Refreshing native plugins compatible for Editor in 2.81 ms, found 2 plugins.
Preloading 0 native plugins for Editor in 0.00 ms.
Unloading 16 Unused Serialized files (Serialized files now loaded: 0)
System memory in use before: 39.2 MB.
System memory in use after: 39.3 MB.

Unloading 16 unused Assets to reduce memory usage. Loaded Objects now: 1946.
Total: 2.132600 ms (FindLiveObjects: 0.140800 ms CreateObjectMapping: 0.112600 ms MarkObjects: 1.823800 ms  DeleteObjects: 0.053900 ms)

========================================================================
Received Prepare
Registering precompiled user dll's ...
Registered in 0.007438 seconds.
Begin MonoManager ReloadAssembly
Native extension for WindowsStandalone target not found
Native extension for WebGL target not found
Refreshing native plugins compatible for Editor in 0.29 ms, found 2 plugins.
Preloading 0 native plugins for Editor in 0.00 ms.
Mono: successfully reloaded assembly
- Completed reload, in  0.755 seconds
Platform modules already initialized, skipping
Refreshing native plugins compatible for Editor in 0.34 ms, found 2 plugins.
Preloading 0 native plugins for Editor in 0.00 ms.
Unloading 1502 Unused Serialized files (Serialized files now loaded: 0)
System memory in use before: 68.7 MB.
System memory in use after: 68.8 MB.

Unloading 18 unused Assets to reduce memory usage. Loaded Objects now: 1949.
Total: 1.516400 ms (FindLiveObjects: 0.124700 ms CreateObjectMapping: 0.040200 ms MarkObjects: 1.309600 ms  DeleteObjects: 0.041000 ms)

========================================================================
Received Import Request.
  Time since last request: 1163.067147 seconds.
  path: Assets/Scripts/ChoosePayerOnScene.cs
  artifactKey: Guid(1b872cea716b53c4e8873cccf525e336) Importer(815301076,1909f56bfc062723c751e8b465ee728b)
Start importing Assets/Scripts/ChoosePayerOnScene.cs using Guid(1b872cea716b53c4e8873cccf525e336) Importer(815301076,1909f56bfc062723c751e8b465ee728b)  -> (artifact id: '459cfa625692a15926a7dc9033f35f92') in 0.014506 seconds
  Import took 0.017431 seconds .

========================================================================
Received Prepare
Registering precompiled user dll's ...
Registered in 0.005904 seconds.
Begin MonoManager ReloadAssembly
Native extension for WindowsStandalone target not found
Native extension for WebGL target not found
Refreshing native plugins compatible for Editor in 0.40 ms, found 2 plugins.
Preloading 0 native plugins for Editor in 0.00 ms.
Mono: successfully reloaded assembly
- Completed reload, in  0.823 seconds
Platform modules already initialized, skipping
Refreshing native plugins compatible for Editor in 0.32 ms, found 2 plugins.
Preloading 0 native plugins for Editor in 0.00 ms.
Unloading 1503 Unused Serialized files (Serialized files now loaded: 0)
System memory in use before: 68.7 MB.
System memory in use after: 68.8 MB.

Unloading 18 unused Assets to reduce memory usage. Loaded Objects now: 1953.
Total: 1.555000 ms (FindLiveObjects: 0.140200 ms CreateObjectMapping: 0.043700 ms MarkObjects: 1.324400 ms  DeleteObjects: 0.045700 ms)

========================================================================
Received Import Request.
  Time since last request: 12.969733 seconds.
  path: Assets/Prefabs/Sphere.prefab
  artifactKey: Guid(7c2a6bcc8eaecfc4ab5aa845e6d22b07) Importer(815301076,1909f56bfc062723c751e8b465ee728b)
Start importing Assets/Prefabs/Sphere.prefab using Guid(7c2a6bcc8eaecfc4ab5aa845e6d22b07) Importer(815301076,1909f56bfc062723c751e8b465ee728b)  -> (artifact id: '85d4abb7a306a27d707dd45ab93f80a2') in 0.089561 seconds
  Import took 0.091670 seconds .

========================================================================
Received Import Request.
  Time since last request: 6.428565 seconds.
  path: Assets/Prefabs/Player.prefab
  artifactKey: Guid(02918ffcafb00be43998f8f81cc0fd9e) Importer(815301076,1909f56bfc062723c751e8b465ee728b)
Start importing Assets/Prefabs/Player.prefab using Guid(02918ffcafb00be43998f8f81cc0fd9e) Importer(815301076,1909f56bfc062723c751e8b465ee728b)  -> (artifact id: 'c0d070694af512268089ec1e22821caf') in 0.011876 seconds
  Import took 0.014212 seconds .

========================================================================
Received Prepare
Registering precompiled user dll's ...
Registered in 0.004981 seconds.
Begin MonoManager ReloadAssembly
Native extension for WindowsStandalone target not found
Native extension for WebGL target not found
Refreshing native plugins compatible for Editor in 0.30 ms, found 2 plugins.
Preloading 0 native plugins for Editor in 0.00 ms.
Mono: successfully reloaded assembly
- Completed reload, in  0.811 seconds
Platform modules already initialized, skipping
Refreshing native plugins compatible for Editor in 0.29 ms, found 2 plugins.
Preloading 0 native plugins for Editor in 0.00 ms.
Unloading 1503 Unused Serialized files (Serialized files now loaded: 0)
System memory in use before: 71.9 MB.
System memory in use after: 72.0 MB.

Unloading 19 unused Assets to reduce memory usage. Loaded Objects now: 1965.
Total: 1.631100 ms (FindLiveObjects: 0.136700 ms CreateObjectMapping: 0.042500 ms MarkObjects: 1.368000 ms  DeleteObjects: 0.083100 ms)

========================================================================
Received Import Request.
  Time since last request: 1098.180440 seconds.
  path: Assets/Scripts/ChoosePayerOnScene.cs
  artifactKey: Guid(1b872cea716b53c4e8873cccf525e336) Importer(815301076,1909f56bfc062723c751e8b465ee728b)
Start importing Assets/Scripts/ChoosePayerOnScene.cs using Guid(1b872cea716b53c4e8873cccf525e336) Importer(815301076,1909f56bfc062723c751e8b465ee728b)  -> (artifact id: '65292668d400f9b8a406ac9db40ebf89') in 0.005265 seconds
  Import took 0.007212 seconds .

========================================================================
Received Import Request.
  Time since last request: 0.989284 seconds.
  path: Assets/Prefabs/Player.prefab
  artifactKey: Guid(02918ffcafb00be43998f8f81cc0fd9e) Importer(815301076,1909f56bfc062723c751e8b465ee728b)
Start importing Assets/Prefabs/Player.prefab using Guid(02918ffcafb00be43998f8f81cc0fd9e) Importer(815301076,1909f56bfc062723c751e8b465ee728b)  -> (artifact id: '6d42d4c8ceebe5770a21705771d6b1c6') in 0.056582 seconds
  Import took 0.060060 seconds .

========================================================================
Received Prepare
Registering precompiled user dll's ...
Registered in 0.004413 seconds.
Begin MonoManager ReloadAssembly
Native extension for WindowsStandalone target not found
Native extension for WebGL target not found
Refreshing native plugins compatible for Editor in 0.29 ms, found 2 plugins.
Preloading 0 native plugins for Editor in 0.00 ms.
Mono: successfully reloaded assembly
- Completed reload, in  0.808 seconds
Platform modules already initialized, skipping
Refreshing native plugins compatible for Editor in 0.30 ms, found 2 plugins.
Preloading 0 native plugins for Editor in 0.00 ms.
Unloading 1503 Unused Serialized files (Serialized files now loaded: 0)
System memory in use before: 71.9 MB.
System memory in use after: 72.0 MB.

Unloading 19 unused Assets to reduce memory usage. Loaded Objects now: 1969.
Total: 1.525900 ms (FindLiveObjects: 0.130400 ms CreateObjectMapping: 0.044300 ms MarkObjects: 1.310100 ms  DeleteObjects: 0.040100 ms)

========================================================================
Received Import Request.
  Time since last request: 292.571867 seconds.
  path: Assets/Scripts/PerformActionOnPlayer.cs
  artifactKey: Guid(acaec075d86a4814091d0271c6af1ee0) Importer(815301076,1909f56bfc062723c751e8b465ee728b)
Start importing Assets/Scripts/PerformActionOnPlayer.cs using Guid(acaec075d86a4814091d0271c6af1ee0) Importer(815301076,1909f56bfc062723c751e8b465ee728b)  -> (artifact id: '01ba8512b76f5a1f62e6e7687b50ed3c') in 0.011888 seconds
  Import took 0.014503 seconds .

========================================================================
Received Import Request.
  Time since last request: 0.035431 seconds.
  path: Assets/Scripts/PerformActionOnPlayer.cs
  artifactKey: Guid(acaec075d86a4814091d0271c6af1ee0) Importer(815301076,1909f56bfc062723c751e8b465ee728b)
Start importing Assets/Scripts/PerformActionOnPlayer.cs using Guid(acaec075d86a4814091d0271c6af1ee0) Importer(815301076,1909f56bfc062723c751e8b465ee728b)  -> (artifact id: '01ba8512b76f5a1f62e6e7687b50ed3c') in 0.002222 seconds
  Import took 0.004779 seconds .

========================================================================
Received Prepare
Registering precompiled user dll's ...
Registered in 0.004319 seconds.
Begin MonoManager ReloadAssembly
Native extension for WindowsStandalone target not found
Native extension for WebGL target not found
Refreshing native plugins compatible for Editor in 0.29 ms, found 2 plugins.
Preloading 0 native plugins for Editor in 0.00 ms.
Mono: successfully reloaded assembly
- Completed reload, in  0.847 seconds
Platform modules already initialized, skipping
Refreshing native plugins compatible for Editor in 0.29 ms, found 2 plugins.
Preloading 0 native plugins for Editor in 0.00 ms.
Unloading 1504 Unused Serialized files (Serialized files now loaded: 0)
System memory in use before: 72.0 MB.
System memory in use after: 72.0 MB.

Unloading 18 unused Assets to reduce memory usage. Loaded Objects now: 1973.
Total: 1.527100 ms (FindLiveObjects: 0.132100 ms CreateObjectMapping: 0.043100 ms MarkObjects: 1.311800 ms  DeleteObjects: 0.039200 ms)

========================================================================
Received Import Request.
  Time since last request: 9.257856 seconds.
  path: Assets/Prefabs/Player.prefab
  artifactKey: Guid(02918ffcafb00be43998f8f81cc0fd9e) Importer(815301076,1909f56bfc062723c751e8b465ee728b)
Start importing Assets/Prefabs/Player.prefab using Guid(02918ffcafb00be43998f8f81cc0fd9e) Importer(815301076,1909f56bfc062723c751e8b465ee728b)  -> (artifact id: '1b793e8507eab997bfa02c2b4710e579') in 0.060659 seconds
  Import took 0.063018 seconds .

========================================================================
Received Prepare
Registering precompiled user dll's ...
Registered in 0.004163 seconds.
Begin MonoManager ReloadAssembly
Native extension for WindowsStandalone target not found
Native extension for WebGL target not found
Refreshing native plugins compatible for Editor in 0.29 ms, found 2 plugins.
Preloading 0 native plugins for Editor in 0.00 ms.
Mono: successfully reloaded assembly
- Completed reload, in  0.805 seconds
Platform modules already initialized, skipping
Refreshing native plugins compatible for Editor in 0.30 ms, found 2 plugins.
Preloading 0 native plugins for Editor in 0.00 ms.
Unloading 1504 Unused Serialized files (Serialized files now loaded: 0)
System memory in use before: 71.9 MB.
System memory in use after: 72.0 MB.

Unloading 19 unused Assets to reduce memory usage. Loaded Objects now: 1977.
Total: 1.557300 ms (FindLiveObjects: 0.132600 ms CreateObjectMapping: 0.040300 ms MarkObjects: 1.339300 ms  DeleteObjects: 0.044100 ms)

========================================================================
Received Import Request.
  Time since last request: 299.195630 seconds.
  path: Assets/Scripts/PerformActionOnPlayer.cs
  artifactKey: Guid(acaec075d86a4814091d0271c6af1ee0) Importer(815301076,1909f56bfc062723c751e8b465ee728b)
Start importing Assets/Scripts/PerformActionOnPlayer.cs using Guid(acaec075d86a4814091d0271c6af1ee0) Importer(815301076,1909f56bfc062723c751e8b465ee728b)  -> (artifact id: '5b69b9909045a2751054554c143d54a6') in 0.005453 seconds
  Import took 0.007486 seconds .

========================================================================
Received Prepare
Registering precompiled user dll's ...
Registered in 0.003990 seconds.
Begin MonoManager ReloadAssembly
Native extension for WindowsStandalone target not found
Native extension for WebGL target not found
Refreshing native plugins compatible for Editor in 0.31 ms, found 2 plugins.
Preloading 0 native plugins for Editor in 0.00 ms.
Mono: successfully reloaded assembly
- Completed reload, in  0.803 seconds
Platform modules already initialized, skipping
Refreshing native plugins compatible for Editor in 0.29 ms, found 2 plugins.
Preloading 0 native plugins for Editor in 0.00 ms.
Unloading 1504 Unused Serialized files (Serialized files now loaded: 0)
System memory in use before: 72.0 MB.
System memory in use after: 72.1 MB.

Unloading 18 unused Assets to reduce memory usage. Loaded Objects now: 1980.
Total: 1.535700 ms (FindLiveObjects: 0.134800 ms CreateObjectMapping: 0.042100 ms MarkObjects: 1.316300 ms  DeleteObjects: 0.041600 ms)

========================================================================
Received Import Request.
  Time since last request: 131.955201 seconds.
  path: Assets/Scripts/PerformActionOnPlayer.cs
  artifactKey: Guid(acaec075d86a4814091d0271c6af1ee0) Importer(815301076,1909f56bfc062723c751e8b465ee728b)
Start importing Assets/Scripts/PerformActionOnPlayer.cs using Guid(acaec075d86a4814091d0271c6af1ee0) Importer(815301076,1909f56bfc062723c751e8b465ee728b)  -> (artifact id: 'a44c497b3267b773692aee2456c315ad') in 0.005255 seconds
  Import took 0.007245 seconds .

========================================================================
Received Import Request.
  Time since last request: 705.105440 seconds.
  path: Assets/Scripts/PerformActionOnPlayer.cs
  artifactKey: Guid(acaec075d86a4814091d0271c6af1ee0) Importer(815301076,1909f56bfc062723c751e8b465ee728b)
Start importing Assets/Scripts/PerformActionOnPlayer.cs using Guid(acaec075d86a4814091d0271c6af1ee0) Importer(815301076,1909f56bfc062723c751e8b465ee728b)  -> (artifact id: '7056eb7c5e4eaa4c7b76e6e0f9ce40c7') in 0.005106 seconds
  Import took 0.008219 seconds .

========================================================================
Received Prepare
Registering precompiled user dll's ...
Registered in 0.004081 seconds.
Begin MonoManager ReloadAssembly
Native extension for WindowsStandalone target not found
Native extension for WebGL target not found
Refreshing native plugins compatible for Editor in 0.31 ms, found 2 plugins.
Preloading 0 native plugins for Editor in 0.00 ms.
Mono: successfully reloaded assembly
- Completed reload, in  0.782 seconds
Platform modules already initialized, skipping
Refreshing native plugins compatible for Editor in 0.29 ms, found 2 plugins.
Preloading 0 native plugins for Editor in 0.00 ms.
Unloading 1504 Unused Serialized files (Serialized files now loaded: 0)
System memory in use before: 72.0 MB.
System memory in use after: 72.1 MB.

Unloading 18 unused Assets to reduce memory usage. Loaded Objects now: 1983.
Total: 1.733200 ms (FindLiveObjects: 0.201900 ms CreateObjectMapping: 0.051500 ms MarkObjects: 1.429900 ms  DeleteObjects: 0.048900 ms)

========================================================================
Received Import Request.
  Time since last request: 226.847661 seconds.
  path: Assets/Scripts/PerformActionOnPlayer.cs
  artifactKey: Guid(acaec075d86a4814091d0271c6af1ee0) Importer(815301076,1909f56bfc062723c751e8b465ee728b)
Start importing Assets/Scripts/PerformActionOnPlayer.cs using Guid(acaec075d86a4814091d0271c6af1ee0) Importer(815301076,1909f56bfc062723c751e8b465ee728b)  -> (artifact id: '6c64367a2fff03e13875a6ab81e72425') in 0.003890 seconds
  Import took 0.005994 seconds .

========================================================================
Received Import Request.
  Time since last request: 186.329776 seconds.
  path: Assets/Scripts/PerformActionOnPlayer.cs
  artifactKey: Guid(acaec075d86a4814091d0271c6af1ee0) Importer(815301076,1909f56bfc062723c751e8b465ee728b)
Start importing Assets/Scripts/PerformActionOnPlayer.cs using Guid(acaec075d86a4814091d0271c6af1ee0) Importer(815301076,1909f56bfc062723c751e8b465ee728b)  -> (artifact id: '8135f1a43b0bcfcf01b9723b83797cf9') in 0.004116 seconds
  Import took 0.010699 seconds .

========================================================================
Received Prepare
Registering precompiled user dll's ...
Registered in 0.005807 seconds.
Begin MonoManager ReloadAssembly
Native extension for WindowsStandalone target not found
Native extension for WebGL target not found
Refreshing native plugins compatible for Editor in 0.29 ms, found 2 plugins.
Preloading 0 native plugins for Editor in 0.00 ms.
Mono: successfully reloaded assembly
- Completed reload, in  0.848 seconds
Platform modules already initialized, skipping
Refreshing native plugins compatible for Editor in 0.29 ms, found 2 plugins.
Preloading 0 native plugins for Editor in 0.00 ms.
Unloading 1504 Unused Serialized files (Serialized files now loaded: 0)
System memory in use before: 72.0 MB.
System memory in use after: 72.1 MB.

Unloading 18 unused Assets to reduce memory usage. Loaded Objects now: 1986.
Total: 1.651000 ms (FindLiveObjects: 0.147900 ms CreateObjectMapping: 0.041900 ms MarkObjects: 1.383400 ms  DeleteObjects: 0.076900 ms)

========================================================================
Received Import Request.
  Time since last request: 39.029857 seconds.
  path: Assets/Scripts/PerformActionOnPlayer.cs
  artifactKey: Guid(acaec075d86a4814091d0271c6af1ee0) Importer(815301076,1909f56bfc062723c751e8b465ee728b)
Start importing Assets/Scripts/PerformActionOnPlayer.cs using Guid(acaec075d86a4814091d0271c6af1ee0) Importer(815301076,1909f56bfc062723c751e8b465ee728b)  -> (artifact id: '40d817e1a4d716a5e4701e429979ba33') in 0.005465 seconds
  Import took 0.007578 seconds .

========================================================================
Received Prepare
Registering precompiled user dll's ...
Registered in 0.004406 seconds.
Begin MonoManager ReloadAssembly
Native extension for WindowsStandalone target not found
Native extension for WebGL target not found
Refreshing native plugins compatible for Editor in 0.29 ms, found 2 plugins.
Preloading 0 native plugins for Editor in 0.00 ms.
Mono: successfully reloaded assembly
- Completed reload, in  0.909 seconds
Platform modules already initialized, skipping
Refreshing native plugins compatible for Editor in 0.32 ms, found 2 plugins.
Preloading 0 native plugins for Editor in 0.00 ms.
Unloading 1504 Unused Serialized files (Serialized files now loaded: 0)
System memory in use before: 72.0 MB.
System memory in use after: 72.1 MB.

Unloading 18 unused Assets to reduce memory usage. Loaded Objects now: 1989.
Total: 1.673300 ms (FindLiveObjects: 0.231200 ms CreateObjectMapping: 0.054600 ms MarkObjects: 1.342400 ms  DeleteObjects: 0.044400 ms)

========================================================================
Received Prepare
Registering precompiled user dll's ...
Registered in 0.004183 seconds.
Begin MonoManager ReloadAssembly
Native extension for WindowsStandalone target not found
Native extension for WebGL target not found
Refreshing native plugins compatible for Editor in 0.30 ms, found 2 plugins.
Preloading 0 native plugins for Editor in 0.00 ms.
Mono: successfully reloaded assembly
- Completed reload, in  0.924 seconds
Platform modules already initialized, skipping
Refreshing native plugins compatible for Editor in 0.30 ms, found 2 plugins.
Preloading 0 native plugins for Editor in 0.00 ms.
Unloading 1504 Unused Serialized files (Serialized files now loaded: 0)
System memory in use before: 72.0 MB.
System memory in use after: 72.1 MB.

Unloading 18 unused Assets to reduce memory usage. Loaded Objects now: 1992.
Total: 1.530500 ms (FindLiveObjects: 0.136500 ms CreateObjectMapping: 0.042400 ms MarkObjects: 1.308700 ms  DeleteObjects: 0.042000 ms)

========================================================================
Received Prepare
Registering precompiled user dll's ...
Registered in 0.004723 seconds.
Begin MonoManager ReloadAssembly
Native extension for WindowsStandalone target not found
Native extension for WebGL target not found
Refreshing native plugins compatible for Editor in 0.33 ms, found 2 plugins.
Preloading 0 native plugins for Editor in 0.00 ms.
Mono: successfully reloaded assembly
- Completed reload, in  0.969 seconds
Platform modules already initialized, skipping
Refreshing native plugins compatible for Editor in 0.42 ms, found 2 plugins.
Preloading 0 native plugins for Editor in 0.00 ms.
Unloading 1504 Unused Serialized files (Serialized files now loaded: 0)
System memory in use before: 72.0 MB.
System memory in use after: 72.1 MB.

Unloading 18 unused Assets to reduce memory usage. Loaded Objects now: 1995.
Total: 3.237300 ms (FindLiveObjects: 0.289400 ms CreateObjectMapping: 0.112400 ms MarkObjects: 2.759200 ms  DeleteObjects: 0.074800 ms)

========================================================================
Received Prepare
Refreshing native plugins compatible for Editor in 2.85 ms, found 2 plugins.
Preloading 0 native plugins for Editor in 0.00 ms.
Unloading 16 Unused Serialized files (Serialized files now loaded: 0)
System memory in use before: 42.6 MB.
System memory in use after: 42.6 MB.

Unloading 16 unused Assets to reduce memory usage. Loaded Objects now: 1995.
Total: 1.705400 ms (FindLiveObjects: 0.139700 ms CreateObjectMapping: 0.044400 ms MarkObjects: 1.466000 ms  DeleteObjects: 0.054500 ms)

========================================================================
Received Prepare
Registering precompiled user dll's ...
Registered in 0.005732 seconds.
Begin MonoManager ReloadAssembly
Native extension for WindowsStandalone target not found
Native extension for WebGL target not found
Refreshing native plugins compatible for Editor in 0.58 ms, found 2 plugins.
Preloading 0 native plugins for Editor in 0.00 ms.
Mono: successfully reloaded assembly
- Completed reload, in  1.305 seconds
Platform modules already initialized, skipping
Refreshing native plugins compatible for Editor in 1.25 ms, found 2 plugins.
Preloading 0 native plugins for Editor in 0.00 ms.
Unloading 1504 Unused Serialized files (Serialized files now loaded: 0)
System memory in use before: 72.0 MB.
System memory in use after: 72.1 MB.

Unloading 18 unused Assets to reduce memory usage. Loaded Objects now: 1998.
Total: 4.738000 ms (FindLiveObjects: 0.487400 ms CreateObjectMapping: 0.274900 ms MarkObjects: 3.888000 ms  DeleteObjects: 0.086400 ms)

========================================================================
Received Prepare
Registering precompiled user dll's ...
Registered in 0.004105 seconds.
Begin MonoManager ReloadAssembly
Native extension for WindowsStandalone target not found
Native extension for WebGL target not found
Refreshing native plugins compatible for Editor in 0.28 ms, found 2 plugins.
Preloading 0 native plugins for Editor in 0.00 ms.
Mono: successfully reloaded assembly
- Completed reload, in  0.758 seconds
Platform modules already initialized, skipping
Refreshing native plugins compatible for Editor in 0.29 ms, found 2 plugins.
Preloading 0 native plugins for Editor in 0.00 ms.
Unloading 1504 Unused Serialized files (Serialized files now loaded: 0)
System memory in use before: 72.0 MB.
System memory in use after: 72.1 MB.

Unloading 18 unused Assets to reduce memory usage. Loaded Objects now: 2001.
Total: 1.571600 ms (FindLiveObjects: 0.132400 ms CreateObjectMapping: 0.044100 ms MarkObjects: 1.355000 ms  DeleteObjects: 0.039400 ms)

AssetImportWorkerClient::OnTransportError - code=2 error=End of file
