Using pre-set license
Built from '2020.3/staging' branch; Version is '2020.3.11f1 (99c7afb366b3) revision 10078127'; Using compiler version '192528614'; Build Type 'Release'
OS: 'Windows 10 Pro; OS build 19042.1052; Version 2009; 64bit' Language: 'en' Physical Memory: 8059 MB
BatchMode: 1, IsHumanControllingUs: 0, StartBugReporterOnCrash: 0, Is64bit: 1, IsPro: 0

 COMMAND LINE ARGUMENTS:
C:\Program Files\Unity\Hub\Editor\2020.3.11f1\Editor\Unity.exe
-adb2
-batchMode
-noUpm
-name
AssetImportWorker0
-projectPath
C:/Users/pbriu/Documents/UnityProjects/Unity-Multiplayer-Tutorials-main/NetworkProject
-logFile
Logs/AssetImportWorker0.log
-srvPort
53390
Successfully changed project path to: C:/Users/pbriu/Documents/UnityProjects/Unity-Multiplayer-Tutorials-main/NetworkProject
C:/Users/pbriu/Documents/UnityProjects/Unity-Multiplayer-Tutorials-main/NetworkProject
Using Asset Import Pipeline V2.
Refreshing native plugins compatible for Editor in 24.09 ms, found 2 plugins.
Preloading 0 native plugins for Editor in 0.00 ms.
Initialize engine version: 2020.3.11f1 (99c7afb366b3)
[Subsystems] Discovering subsystems at path C:/Program Files/Unity/Hub/Editor/2020.3.11f1/Editor/Data/Resources/UnitySubsystems
[Subsystems] Discovering subsystems at path C:/Users/pbriu/Documents/UnityProjects/Unity-Multiplayer-Tutorials-main/NetworkProject/Assets
GfxDevice: creating device client; threaded=0
Direct3D:
    Version:  Direct3D 11.0 [level 11.1]
    Renderer: NVIDIA GeForce RTX 2060 (ID=0x1f15)
    Vendor:   
    VRAM:     5980 MB
    Driver:   27.21.14.5256
Initialize mono
Mono path[0] = 'C:/Program Files/Unity/Hub/Editor/2020.3.11f1/Editor/Data/Managed'
Mono path[1] = 'C:/Program Files/Unity/Hub/Editor/2020.3.11f1/Editor/Data/MonoBleedingEdge/lib/mono/unityjit'
Mono config path = 'C:/Program Files/Unity/Hub/Editor/2020.3.11f1/Editor/Data/MonoBleedingEdge/etc'
Using monoOptions --debugger-agent=transport=dt_socket,embedding=1,server=y,suspend=n,address=127.0.0.1:56644
Begin MonoManager ReloadAssembly
Registering precompiled unity dll's ...
Register platform support module: C:/Program Files/Unity/Hub/Editor/2020.3.11f1/Editor/Data/PlaybackEngines/WebGLSupport/UnityEditor.WebGL.Extensions.dll
Register platform support module: C:/Program Files/Unity/Hub/Editor/2020.3.11f1/Editor/Data/PlaybackEngines/WindowsStandaloneSupport/UnityEditor.WindowsStandalone.Extensions.dll
Registered in 0.002653 seconds.
Native extension for WindowsStandalone target not found
Native extension for WebGL target not found
Refreshing native plugins compatible for Editor in 22.28 ms, found 2 plugins.
Preloading 0 native plugins for Editor in 0.00 ms.
Mono: successfully reloaded assembly
- Completed reload, in  1.696 seconds
Platform modules already initialized, skipping
Registering precompiled user dll's ...
Registered in 0.006050 seconds.
Begin MonoManager ReloadAssembly
Native extension for WindowsStandalone target not found
Native extension for WebGL target not found
Refreshing native plugins compatible for Editor in 0.30 ms, found 2 plugins.
Preloading 0 native plugins for Editor in 0.00 ms.
Mono: successfully reloaded assembly
- Completed reload, in  0.879 seconds
Platform modules already initialized, skipping
========================================================================
Worker process is ready to serve import requests
Launched and connected shader compiler UnityShaderCompiler.exe after 0.03 seconds
Refreshing native plugins compatible for Editor in 0.29 ms, found 2 plugins.
Preloading 0 native plugins for Editor in 0.00 ms.
Unloading 1504 Unused Serialized files (Serialized files now loaded: 0)
System memory in use before: 68.9 MB.
System memory in use after: 68.9 MB.

Unloading 23 unused Assets to reduce memory usage. Loaded Objects now: 1933.
Total: 1.581600 ms (FindLiveObjects: 0.135300 ms CreateObjectMapping: 0.042400 ms MarkObjects: 1.340100 ms  DeleteObjects: 0.063200 ms)

========================================================================
Received Import Request.
  path: Assets/Scripts/Player.cs
  artifactKey: Guid(82dd30520b3f902449f575607c0ba4bb) Importer(815301076,1909f56bfc062723c751e8b465ee728b)
Start importing Assets/Scripts/Player.cs using Guid(82dd30520b3f902449f575607c0ba4bb) Importer(815301076,1909f56bfc062723c751e8b465ee728b)  -> (artifact id: '61bc4ed913c984b44b00216884247e50') in 0.016732 seconds
  Import took 0.019906 seconds .

========================================================================
Received Import Request.
  Time since last request: 433.386827 seconds.
  path: Assets/Scripts/NetworkProjectManager.cs
  artifactKey: Guid(fe55e0c42b6ed954c936d0319adbc14c) Importer(815301076,1909f56bfc062723c751e8b465ee728b)
Start importing Assets/Scripts/NetworkProjectManager.cs using Guid(fe55e0c42b6ed954c936d0319adbc14c) Importer(815301076,1909f56bfc062723c751e8b465ee728b)  -> (artifact id: '7f991d1049749c4ae57cf0c3b25ce1cf') in 0.007578 seconds
  Import took 0.012675 seconds .

========================================================================
Received Import Request.
  Time since last request: 0.000558 seconds.
  path: Assets/Scripts/NetworkProjectManager.cs
  artifactKey: Guid(fe55e0c42b6ed954c936d0319adbc14c) Importer(815301076,1909f56bfc062723c751e8b465ee728b)
Start importing Assets/Scripts/NetworkProjectManager.cs using Guid(fe55e0c42b6ed954c936d0319adbc14c) Importer(815301076,1909f56bfc062723c751e8b465ee728b)  -> (artifact id: '7f991d1049749c4ae57cf0c3b25ce1cf') in 0.003190 seconds
  Import took 0.006631 seconds .

========================================================================
Received Prepare
Registering precompiled user dll's ...
Registered in 0.003938 seconds.
Begin MonoManager ReloadAssembly
Native extension for WindowsStandalone target not found
Native extension for WebGL target not found
Refreshing native plugins compatible for Editor in 0.37 ms, found 2 plugins.
Preloading 0 native plugins for Editor in 0.00 ms.
Mono: successfully reloaded assembly
- Completed reload, in  0.791 seconds
Platform modules already initialized, skipping
Refreshing native plugins compatible for Editor in 0.30 ms, found 2 plugins.
Preloading 0 native plugins for Editor in 0.00 ms.
Unloading 1498 Unused Serialized files (Serialized files now loaded: 0)
System memory in use before: 68.8 MB.
System memory in use after: 68.9 MB.

Unloading 19 unused Assets to reduce memory usage. Loaded Objects now: 1935.
Total: 1.721900 ms (FindLiveObjects: 0.143400 ms CreateObjectMapping: 0.044700 ms MarkObjects: 1.471900 ms  DeleteObjects: 0.061200 ms)

========================================================================
Received Prepare
Registering precompiled user dll's ...
Registered in 0.003709 seconds.
Begin MonoManager ReloadAssembly
Native extension for WindowsStandalone target not found
Native extension for WebGL target not found
Refreshing native plugins compatible for Editor in 0.29 ms, found 2 plugins.
Preloading 0 native plugins for Editor in 0.00 ms.
Mono: successfully reloaded assembly
- Completed reload, in  0.763 seconds
Platform modules already initialized, skipping
Refreshing native plugins compatible for Editor in 0.30 ms, found 2 plugins.
Preloading 0 native plugins for Editor in 0.00 ms.
Unloading 1497 Unused Serialized files (Serialized files now loaded: 0)
System memory in use before: 68.8 MB.
System memory in use after: 68.9 MB.

Unloading 19 unused Assets to reduce memory usage. Loaded Objects now: 1937.
Total: 1.518700 ms (FindLiveObjects: 0.129700 ms CreateObjectMapping: 0.045400 ms MarkObjects: 1.301600 ms  DeleteObjects: 0.040800 ms)

========================================================================
Received Import Request.
  Time since last request: 21.416080 seconds.
  path: Assets/Scripts/PasswordNetworkManager.cs
  artifactKey: Guid(b53bf1f3dd8c1744fba7b9b53c2a0197) Importer(815301076,1909f56bfc062723c751e8b465ee728b)
Start importing Assets/Scripts/PasswordNetworkManager.cs using Guid(b53bf1f3dd8c1744fba7b9b53c2a0197) Importer(815301076,1909f56bfc062723c751e8b465ee728b)  -> (artifact id: 'e295e12bb3aa68f2700013b26e722323') in 0.009423 seconds
  Import took 0.013245 seconds .

========================================================================
Received Prepare
Registering precompiled user dll's ...
Registered in 0.003707 seconds.
Begin MonoManager ReloadAssembly
Native extension for WindowsStandalone target not found
Native extension for WebGL target not found
Refreshing native plugins compatible for Editor in 0.30 ms, found 2 plugins.
Preloading 0 native plugins for Editor in 0.00 ms.
Mono: successfully reloaded assembly
- Completed reload, in  0.757 seconds
Platform modules already initialized, skipping
Refreshing native plugins compatible for Editor in 0.29 ms, found 2 plugins.
Preloading 0 native plugins for Editor in 0.00 ms.
Unloading 1498 Unused Serialized files (Serialized files now loaded: 0)
System memory in use before: 68.9 MB.
System memory in use after: 69.0 MB.

Unloading 18 unused Assets to reduce memory usage. Loaded Objects now: 1941.
Total: 1.786600 ms (FindLiveObjects: 0.126700 ms CreateObjectMapping: 0.043200 ms MarkObjects: 1.573500 ms  DeleteObjects: 0.042400 ms)

========================================================================
Received Prepare
Registering precompiled user dll's ...
Registered in 0.003713 seconds.
Begin MonoManager ReloadAssembly
Native extension for WindowsStandalone target not found
Native extension for WebGL target not found
Refreshing native plugins compatible for Editor in 0.28 ms, found 2 plugins.
Preloading 0 native plugins for Editor in 0.00 ms.
Mono: successfully reloaded assembly
- Completed reload, in  0.762 seconds
Platform modules already initialized, skipping
Refreshing native plugins compatible for Editor in 0.30 ms, found 2 plugins.
Preloading 0 native plugins for Editor in 0.00 ms.
Unloading 1498 Unused Serialized files (Serialized files now loaded: 0)
System memory in use before: 68.9 MB.
System memory in use after: 68.9 MB.

Unloading 18 unused Assets to reduce memory usage. Loaded Objects now: 1944.
Total: 1.605500 ms (FindLiveObjects: 0.132500 ms CreateObjectMapping: 0.043200 ms MarkObjects: 1.348200 ms  DeleteObjects: 0.080800 ms)

========================================================================
Received Import Request.
  Time since last request: 369.622745 seconds.
  path: Packages/com.unity.multiplayer.mlapi/Runtime/Transports/Tests/Editor/com.unity.mulitplayer.mlapi.editortest.asmdef
  artifactKey: Guid(cf3c8d3561be742cc889cc4e329fe386) Importer(815301076,1909f56bfc062723c751e8b465ee728b)
Start importing Packages/com.unity.multiplayer.mlapi/Runtime/Transports/Tests/Editor/com.unity.mulitplayer.mlapi.editortest.asmdef using Guid(cf3c8d3561be742cc889cc4e329fe386) Importer(815301076,1909f56bfc062723c751e8b465ee728b)  -> (artifact id: '5dc895729b696806a38ea5b3a7f33476') in 0.031133 seconds
  Import took 0.035321 seconds .

========================================================================
Received Import Request.
  Time since last request: 0.000683 seconds.
  path: Packages/com.unity.multiplayer.mlapi/Editor/com.unity.multiplayer.mlapi.editor.asmdef
  artifactKey: Guid(9f4f5bf029cebb64f983b7bdc29f62a1) Importer(815301076,1909f56bfc062723c751e8b465ee728b)
Start importing Packages/com.unity.multiplayer.mlapi/Editor/com.unity.multiplayer.mlapi.editor.asmdef using Guid(9f4f5bf029cebb64f983b7bdc29f62a1) Importer(815301076,1909f56bfc062723c751e8b465ee728b)  -> (artifact id: '9717fd723e050ddbe93f455fff381991') in 0.010613 seconds
  Import took 0.018119 seconds .

========================================================================
Received Import Request.
  Time since last request: 0.000432 seconds.
  path: Packages/com.unity.multiplayer.mlapi/Tests/Editor/com.unity.multiplayer.mlapi.editortests.asmdef
  artifactKey: Guid(072b82e2b7c1dcf439827d3fbc4f52a1) Importer(815301076,1909f56bfc062723c751e8b465ee728b)
Start importing Packages/com.unity.multiplayer.mlapi/Tests/Editor/com.unity.multiplayer.mlapi.editortests.asmdef using Guid(072b82e2b7c1dcf439827d3fbc4f52a1) Importer(815301076,1909f56bfc062723c751e8b465ee728b)  -> (artifact id: 'addb29016b452ffb5cf35f146546727e') in 0.007909 seconds
  Import took 0.011279 seconds .

========================================================================
Received Import Request.
  Time since last request: 0.040407 seconds.
  path: Packages/com.unity.multiplayer.mlapi/Prototyping/com.unity.multiplayer.mlapi.prototyping.asmdef
  artifactKey: Guid(3b8ed52f1b5c64994af4c4e0aa4b6c4b) Importer(815301076,1909f56bfc062723c751e8b465ee728b)
Start importing Packages/com.unity.multiplayer.mlapi/Prototyping/com.unity.multiplayer.mlapi.prototyping.asmdef using Guid(3b8ed52f1b5c64994af4c4e0aa4b6c4b) Importer(815301076,1909f56bfc062723c751e8b465ee728b)  -> (artifact id: 'b2c11a8952dd61fe249df43895791312') in 0.006562 seconds
  Import took 0.009230 seconds .

========================================================================
Received Import Request.
  Time since last request: 0.000200 seconds.
  path: Packages/com.unity.multiplayer.mlapi/Runtime/com.unity.multiplayer.mlapi.runtime.asmdef
  artifactKey: Guid(1491147abca9d7d4bb7105af628b223e) Importer(815301076,1909f56bfc062723c751e8b465ee728b)
Start importing Packages/com.unity.multiplayer.mlapi/Runtime/com.unity.multiplayer.mlapi.runtime.asmdef using Guid(1491147abca9d7d4bb7105af628b223e) Importer(815301076,1909f56bfc062723c751e8b465ee728b)  -> (artifact id: '048ca872f93cf24c691dae3507ac7d55') in 0.007707 seconds
  Import took 0.011282 seconds .

========================================================================
Received Import Request.
  Time since last request: 0.000229 seconds.
  path: Packages/com.unity.multiplayer.mlapi/Tests/Runtime/com.unity.multiplayer.mlapi.runtimetests.asmdef
  artifactKey: Guid(0d0243c226d5dab4fb5d34006a1ad53b) Importer(815301076,1909f56bfc062723c751e8b465ee728b)
Start importing Packages/com.unity.multiplayer.mlapi/Tests/Runtime/com.unity.multiplayer.mlapi.runtimetests.asmdef using Guid(0d0243c226d5dab4fb5d34006a1ad53b) Importer(815301076,1909f56bfc062723c751e8b465ee728b)  -> (artifact id: '4318fa319c49de638612de919c3651f4') in 0.006382 seconds
  Import took 0.009248 seconds .

========================================================================
Received Prepare
Registering precompiled user dll's ...
Registered in 0.004312 seconds.
Begin MonoManager ReloadAssembly
Native extension for WindowsStandalone target not found
Native extension for WebGL target not found
Refreshing native plugins compatible for Editor in 0.31 ms, found 2 plugins.
Preloading 0 native plugins for Editor in 0.00 ms.
Mono: successfully reloaded assembly
- Completed reload, in  0.849 seconds
Platform modules already initialized, skipping
Refreshing native plugins compatible for Editor in 0.31 ms, found 2 plugins.
Preloading 0 native plugins for Editor in 0.00 ms.
Unloading 1498 Unused Serialized files (Serialized files now loaded: 0)
System memory in use before: 68.9 MB.
System memory in use after: 69.0 MB.

Unloading 18 unused Assets to reduce memory usage. Loaded Objects now: 1947.
Total: 1.762000 ms (FindLiveObjects: 0.148300 ms CreateObjectMapping: 0.071300 ms MarkObjects: 1.496900 ms  DeleteObjects: 0.044600 ms)

========================================================================
Received Prepare
Refreshing native plugins compatible for Editor in 2.82 ms, found 2 plugins.
Preloading 0 native plugins for Editor in 0.00 ms.
Unloading 16 Unused Serialized files (Serialized files now loaded: 0)
System memory in use before: 39.1 MB.
System memory in use after: 39.2 MB.

Unloading 16 unused Assets to reduce memory usage. Loaded Objects now: 1947.
Total: 1.491300 ms (FindLiveObjects: 0.130300 ms CreateObjectMapping: 0.041800 ms MarkObjects: 1.283200 ms  DeleteObjects: 0.035000 ms)

========================================================================
Received Prepare
Refreshing native plugins compatible for Editor in 3.08 ms, found 2 plugins.
Preloading 0 native plugins for Editor in 0.00 ms.
Unloading 16 Unused Serialized files (Serialized files now loaded: 0)
System memory in use before: 39.2 MB.
System memory in use after: 39.3 MB.

Unloading 16 unused Assets to reduce memory usage. Loaded Objects now: 1947.
Total: 3.768300 ms (FindLiveObjects: 0.265200 ms CreateObjectMapping: 0.064600 ms MarkObjects: 3.384100 ms  DeleteObjects: 0.053200 ms)

========================================================================
Received Prepare
Registering precompiled user dll's ...
Registered in 0.005527 seconds.
Begin MonoManager ReloadAssembly
Native extension for WindowsStandalone target not found
Native extension for WebGL target not found
Refreshing native plugins compatible for Editor in 1.64 ms, found 2 plugins.
Preloading 0 native plugins for Editor in 0.00 ms.
Mono: successfully reloaded assembly
- Completed reload, in  1.234 seconds
Platform modules already initialized, skipping
Refreshing native plugins compatible for Editor in 1.25 ms, found 2 plugins.
Preloading 0 native plugins for Editor in 0.00 ms.
Unloading 1498 Unused Serialized files (Serialized files now loaded: 0)
System memory in use before: 69.0 MB.
System memory in use after: 69.1 MB.

Unloading 18 unused Assets to reduce memory usage. Loaded Objects now: 1950.
Total: 4.222200 ms (FindLiveObjects: 0.252100 ms CreateObjectMapping: 0.150100 ms MarkObjects: 3.763000 ms  DeleteObjects: 0.054900 ms)

========================================================================
Received Prepare
Refreshing native plugins compatible for Editor in 2.94 ms, found 2 plugins.
Preloading 0 native plugins for Editor in 0.00 ms.
Unloading 16 Unused Serialized files (Serialized files now loaded: 0)
System memory in use before: 39.2 MB.
System memory in use after: 39.3 MB.

Unloading 16 unused Assets to reduce memory usage. Loaded Objects now: 1950.
Total: 3.727400 ms (FindLiveObjects: 0.360600 ms CreateObjectMapping: 0.147900 ms MarkObjects: 3.156500 ms  DeleteObjects: 0.061400 ms)

========================================================================
Received Prepare
Registering precompiled user dll's ...
Registered in 0.006131 seconds.
Begin MonoManager ReloadAssembly
Native extension for WindowsStandalone target not found
Native extension for WebGL target not found
Refreshing native plugins compatible for Editor in 2.16 ms, found 2 plugins.
Preloading 0 native plugins for Editor in 0.00 ms.
Mono: successfully reloaded assembly
- Completed reload, in  1.240 seconds
Platform modules already initialized, skipping
Refreshing native plugins compatible for Editor in 1.41 ms, found 2 plugins.
Preloading 0 native plugins for Editor in 0.00 ms.
Unloading 1498 Unused Serialized files (Serialized files now loaded: 0)
System memory in use before: 69.0 MB.
System memory in use after: 69.0 MB.

Unloading 18 unused Assets to reduce memory usage. Loaded Objects now: 1953.
Total: 4.160500 ms (FindLiveObjects: 0.341800 ms CreateObjectMapping: 0.121500 ms MarkObjects: 3.406100 ms  DeleteObjects: 0.287800 ms)

========================================================================
Received Prepare
Registering precompiled user dll's ...
Registered in 0.004540 seconds.
Begin MonoManager ReloadAssembly
Native extension for WindowsStandalone target not found
Native extension for WebGL target not found
Refreshing native plugins compatible for Editor in 0.54 ms, found 2 plugins.
Preloading 0 native plugins for Editor in 0.00 ms.
Mono: successfully reloaded assembly
- Completed reload, in  1.193 seconds
Platform modules already initialized, skipping
Refreshing native plugins compatible for Editor in 0.33 ms, found 2 plugins.
Preloading 0 native plugins for Editor in 0.00 ms.
Unloading 1498 Unused Serialized files (Serialized files now loaded: 0)
System memory in use before: 69.0 MB.
System memory in use after: 69.1 MB.

Unloading 18 unused Assets to reduce memory usage. Loaded Objects now: 1956.
Total: 1.786500 ms (FindLiveObjects: 0.176800 ms CreateObjectMapping: 0.053500 ms MarkObjects: 1.502400 ms  DeleteObjects: 0.052700 ms)

========================================================================
Received Prepare
Refreshing native plugins compatible for Editor in 3.16 ms, found 2 plugins.
Preloading 0 native plugins for Editor in 0.00 ms.
Unloading 16 Unused Serialized files (Serialized files now loaded: 0)
System memory in use before: 39.2 MB.
System memory in use after: 39.3 MB.

Unloading 16 unused Assets to reduce memory usage. Loaded Objects now: 1956.
Total: 5.626400 ms (FindLiveObjects: 0.403900 ms CreateObjectMapping: 0.206400 ms MarkObjects: 4.934300 ms  DeleteObjects: 0.080200 ms)

========================================================================
Received Prepare
Registering precompiled user dll's ...
Registered in 0.005735 seconds.
Begin MonoManager ReloadAssembly
Native extension for WindowsStandalone target not found
Native extension for WebGL target not found
Refreshing native plugins compatible for Editor in 0.70 ms, found 2 plugins.
Preloading 0 native plugins for Editor in 0.00 ms.
Mono: successfully reloaded assembly
- Completed reload, in  1.258 seconds
Platform modules already initialized, skipping
Refreshing native plugins compatible for Editor in 0.42 ms, found 2 plugins.
Preloading 0 native plugins for Editor in 0.00 ms.
Unloading 1498 Unused Serialized files (Serialized files now loaded: 0)
System memory in use before: 69.0 MB.
System memory in use after: 69.1 MB.

Unloading 18 unused Assets to reduce memory usage. Loaded Objects now: 1959.
Total: 3.015600 ms (FindLiveObjects: 0.212000 ms CreateObjectMapping: 0.061100 ms MarkObjects: 2.652900 ms  DeleteObjects: 0.087900 ms)

AssetImportWorkerClient::OnTransportError - code=2 error=End of file
